# Logfile created on 2014-02-11 14:50:34 -0500 by logger.rb/44203
I, [2014-02-11T14:50:34.447863 #62459]  INFO -- : 0:  blankslate (2.1.2.4) from /Users/Dan/.rvm/gems/ruby-2.1.0/specifications/blankslate-2.1.2.4.gemspec
I, [2014-02-11T14:50:36.699334 #62459]  INFO -- : 0:  fast-stemmer (1.0.2) from /Users/Dan/.rvm/gems/ruby-2.1.0/specifications/fast-stemmer-1.0.2.gemspec
I, [2014-02-11T14:50:38.054057 #62459]  INFO -- : 0:  classifier (1.3.4) from /Users/Dan/.rvm/gems/ruby-2.1.0/specifications/classifier-1.3.4.gemspec
I, [2014-02-11T14:50:39.321665 #62459]  INFO -- : 0:  colorator (0.1) from /Users/Dan/.rvm/gems/ruby-2.1.0/specifications/colorator-0.1.gemspec
I, [2014-02-11T14:50:39.322111 #62459]  INFO -- : 0:  highline (1.6.20) from /Users/Dan/.rvm/gems/ruby-2.1.0/specifications/highline-1.6.20.gemspec
I, [2014-02-11T14:50:40.304730 #62459]  INFO -- : 0:  commander (4.1.6) from /Users/Dan/.rvm/gems/ruby-2.1.0/specifications/commander-4.1.6.gemspec
I, [2014-02-11T14:50:47.236320 #62459]  INFO -- : 0:  ffi (1.9.3) from /Users/Dan/.rvm/gems/ruby-2.1.0/specifications/ffi-1.9.3.gemspec
I, [2014-02-11T14:50:48.743320 #62459]  INFO -- : 0:  liquid (2.5.5) from /Users/Dan/.rvm/gems/ruby-2.1.0/specifications/liquid-2.5.5.gemspec
I, [2014-02-11T14:50:50.216152 #62459]  INFO -- : 0:  rb-fsevent (0.9.4) from /Users/Dan/.rvm/gems/ruby-2.1.0/specifications/rb-fsevent-0.9.4.gemspec
I, [2014-02-11T14:50:51.426423 #62459]  INFO -- : 0:  rb-inotify (0.9.3) from /Users/Dan/.rvm/gems/ruby-2.1.0/specifications/rb-inotify-0.9.3.gemspec
I, [2014-02-11T14:50:52.335455 #62459]  INFO -- : 0:  rb-kqueue (0.2.0) from /Users/Dan/.rvm/gems/ruby-2.1.0/specifications/rb-kqueue-0.2.0.gemspec
I, [2014-02-11T14:50:53.542023 #62459]  INFO -- : 0:  listen (1.3.1) from /Users/Dan/.rvm/gems/ruby-2.1.0/specifications/listen-1.3.1.gemspec
I, [2014-02-11T14:50:55.526909 #62459]  INFO -- : 0:  maruku (0.7.1) from /Users/Dan/.rvm/gems/ruby-2.1.0/specifications/maruku-0.7.1.gemspec
I, [2014-02-11T14:50:57.342170 #62459]  INFO -- : 0:  posix-spawn (0.3.8) from /Users/Dan/.rvm/gems/ruby-2.1.0/specifications/posix-spawn-0.3.8.gemspec
I, [2014-02-11T14:51:00.707257 #62459]  INFO -- : 0:  yajl-ruby (1.1.0) from /Users/Dan/.rvm/gems/ruby-2.1.0/specifications/yajl-ruby-1.1.0.gemspec
I, [2014-02-11T14:52:05.342278 #62459]  INFO -- : 0:  pygments.rb (0.5.4) from /Users/Dan/.rvm/gems/ruby-2.1.0/specifications/pygments.rb-0.5.4.gemspec
I, [2014-02-11T14:52:09.388439 #62459]  INFO -- : 0:  redcarpet (2.3.0) from /Users/Dan/.rvm/gems/ruby-2.1.0/specifications/redcarpet-2.3.0.gemspec
I, [2014-02-11T14:52:10.688816 #62459]  INFO -- : 0:  safe_yaml (0.9.7) from /Users/Dan/.rvm/gems/ruby-2.1.0/specifications/safe_yaml-0.9.7.gemspec
I, [2014-02-11T14:52:11.735663 #62459]  INFO -- : 0:  parslet (1.5.0) from /Users/Dan/.rvm/gems/ruby-2.1.0/specifications/parslet-1.5.0.gemspec
I, [2014-02-11T14:52:12.851259 #62459]  INFO -- : 0:  toml (0.1.0) from /Users/Dan/.rvm/gems/ruby-2.1.0/specifications/toml-0.1.0.gemspec
I, [2014-02-11T14:52:15.130381 #62459]  INFO -- : 0:  jekyll (1.4.3) from /Users/Dan/.rvm/gems/ruby-2.1.0/specifications/jekyll-1.4.3.gemspec
I, [2014-02-11T14:52:15.130800 #62459]  INFO -- : 0:  bundler (1.5.1) from /Users/Dan/.rvm/gems/ruby-2.1.0@global/specifications/bundler-1.5.1.gemspec
